make all --print-data-base --no-builtin-variables --no-builtin-rules --question
# GNU Make 3.81
# Copyright (C) 2006  Free Software Foundation, Inc.
# This is free software; see the source for copying conditions.
# There is NO warranty; not even for MERCHANTABILITY or FITNESS FOR A
# PARTICULAR PURPOSE.

# This program built for i386-apple-darwin11.3.0

# Make data base, printed on Sat Jun  4 23:36:38 2022

# Variables

# automatic
<D = $(patsubst %/,%,$(dir $<))
# automatic
?F = $(notdir $?)
# environment
ELECTRON_NO_ATTACH_CONSOLE = 1
# makefile (from `Makefile', line 18)
SRC = src/main.c src/error.c src/read_check.c src/tools.c src/mlx_m.c src/mlx_image.c src/movements.c src/utils.c 
# environment
VSCODE_LOG_NATIVE = false
# automatic
?D = $(patsubst %/,%,$(dir $?))
# automatic
@D = $(patsubst %/,%,$(dir $@))
# automatic
@F = $(notdir $@)
# makefile
CURDIR := /Users/zcherrad/Desktop/bug
# makefile
SHELL = /bin/sh
# makefile (from `Makefile', line 48)
RM = rm -f
# environment
VSCODE_NLS_CONFIG = {"locale":"en-us","availableLanguages":{},"_languagePackSupport":true}
# makefile (from `Makefile', line 14)
MLX = ./mlx/
# environment
_ = /usr/bin/make
# makefile (from `Makefile', line 45)
CFLAGS = -Wall -Wextra -Werror
# makefile (from `Makefile', line 1)
MAKEFILE_LIST :=  Makefile
# environment
VSCODE_VERBOSE_LOGGING = true
# makefile (from `Makefile', line 43)
OBJS = $(SRC:.c=.o)
# environment
VSCODE_IPC_HOOK_EXTHOST = /var/folders/zz/zyxvpxvq6csfxvn_n000cczm00337x/T/vscode-ipc-64d3a5b0-e557-4159-88fe-10ec19e9441f.sock
# environment
VSCODE_CWD = /Users/zcherrad/Desktop/bug
# environment
Apple_PubSub_Socket_Render = /private/tmp/com.apple.launchd.Z4ls7WOCyd/Render
# environment
PATH = /Users/zcherrad/goinfre/.brew/bin:/usr/local/bin:/usr/bin:/bin:/usr/sbin:/sbin:/usr/local/munki:/Applications/Visual Studio Code.app/Contents/Resources/app/bin
# environment
LSCOLORS = Gxfxcxdxbxegedabagacad
# makefile (from `Makefile', line 44)
B_OBJS = $(B_SRC:.c=.o)
# environment
VSCODE_LOG_STACK = false
# environment
ELECTRON_RUN_AS_NODE = 1
# default
.FEATURES := target-specific order-only second-expansion else-if archives jobserver check-symlink
# environment
SSH_AUTH_SOCK = /private/tmp/com.apple.launchd.EU3UPV1737/Listeners
# automatic
%F = $(notdir $%)
# environment
VSCODE_PIPE_LOGGING = true
# environment
PWD = /Users/zcherrad/Desktop/bug
# environment
ORIGINAL_XDG_CURRENT_DESKTOP = undefined
# makefile (from `Makefile', line 17)
B_NAME = so_long_bonus
# environment
VSCODE_AMD_ENTRYPOINT = vs/workbench/api/node/extensionHostProcess
# environment
HOME = /Users/zcherrad
# default
MAKEFILEPATH = $(shell /usr/bin/xcode-select -print-path 2>/dev/null || echo /Developer)/Makefiles
# environment
VSCODE_CLI = 1
# environment
VSCODE_CODE_CACHE_PATH = /Users/zcherrad/Library/Application Support/Code/CachedData/57fd6d0195bb9b9d1b49f6da5db789060795de47
# environment
LOGNAME = zcherrad
# environment
APPLICATION_INSIGHTS_NO_DIAGNOSTIC_CHANNEL = 1
# environment
ZSH = /Users/zcherrad/.oh-my-zsh
# environment
VSCODE_HANDLES_UNCAUGHT_ERRORS = true
# automatic
^D = $(patsubst %/,%,$(dir $^))
# environment
XPC_FLAGS = 0x0
# environment
COLORTERM = truecolor
# default
MAKE = $(MAKE_COMMAND)
# environment
LC_TERMINAL = iTerm2
# environment
SHLVL = 3
# makefile (from `Makefile', line 13)
LIBFT = ./libft/
# default
MAKE_VERSION := 3.81
# environment
USER = zcherrad
# makefile
.DEFAULT_GOAL := all
# makefile (from `Makefile', line 41)
INCLUDE = -I . -I $(LIBFT)
# default
MAKECMDGOALS := all
# environment
TERM_SESSION_ID = w0t0p0:49AAEB74-7A67-4D3F-B515-E8F893334057
# makefile (from `Makefile', line 16)
NAME = so_long
# environment
LESS = -R
# automatic
%D = $(patsubst %/,%,$(dir $%))
# default
MAKE_COMMAND := /Library/Developer/CommandLineTools/usr/bin/make
# makefile (from `Makefile', line 47)
INC = -Lmlx -lmlx -framework OpenGL -framework AppKit 
# environment
TERM_PROGRAM = iTerm.app
# default
.VARIABLES := 
# environment
TMPDIR = /var/folders/zz/zyxvpxvq6csfxvn_n000cczm00337x/T/
# automatic
*F = $(notdir $*)
# environment
VSCODE_IPC_HOOK = /Users/zcherrad/Library/Application Support/Code/1.67.0-main.sock
# makefile
MAKEFLAGS = Rrqp
# environment
MFLAGS = -Rrqp
# automatic
*D = $(patsubst %/,%,$(dir $*))
# environment
TERM_PROGRAM_VERSION = 3.4.13
# environment
XPC_SERVICE_NAME = 0
# environment
LC_TERMINAL_VERSION = 3.4.13
# automatic
+D = $(patsubst %/,%,$(dir $+))
# makefile (from `Makefile', line 15)
LIBFT_A = ./libft/libft.a
# automatic
+F = $(notdir $+)
# environment
ITERM_SESSION_ID = w0t0p0:49AAEB74-7A67-4D3F-B515-E8F893334057
# makefile (from `Makefile', line 27)
B_SRC = bonus/src/main_bonus.c bonus/src/error_bonus.c bonus/src/read_check_bonus.c bonus/src/tools_bonus.c bonus/src/mlx_m_bonus.c bonus/src/mlx_image_bonus.c bonus/src/enemy_bonus.c bonus/src/enemy_move_bonus.c bonus/src/movements_bonus.c bonus/src/utils_bonus.c 
# environment
COLORFGBG = 7;0
# environment
__CF_USER_TEXT_ENCODING = 0x18CFD:0x0:0x0
# environment
COMMAND_MODE = unix2003
# default
MAKEFILES := 
# environment
HOMEBREW_NO_AUTO_UPDATE = 1
# automatic
<F = $(notdir $<)
# environment
ITERM_PROFILE = Default
# makefile (from `Makefile', line 39)
B_HEADER = bonus/so_long_bonus.h
# environment
PAGER = less
# environment
LC_ALL = C
# makefile (from `Makefile', line 46)
cc = gcc
# makefile (from `Makefile', line 38)
HEADER = so_long.h
# environment
SECURITYSESSIONID = 186a8
# automatic
^F = $(notdir $^)
# default
SUFFIXES := 
# default
.INCLUDE_DIRS = /usr/local/include
# environment
MAKELEVEL := 0
# environment
LANG = C
# environment
TERM = xterm-256color
# environment
VSCODE_PID = 14234
# variable set hash-table stats:
# Load=96/1024=9%, Rehash=0, Collisions=14/134=10%

# Pattern-specific Variable Values

# No pattern-specific variable values.

# Directories

# . (device 16777227, inode 1953542): 13 files, no impossibilities.
# src (device 16777227, inode 1953793): 4 files, no impossibilities so far.

# 17 files, no impossibilities in 2 directories.

# Implicit Rules

%.o: %.c so_long.h
#  commands to execute (from `Makefile', line 57):
	$(cc) $(CFLAGS) -c $< -o $@
	

%.o: %.c bonus/so_long_bonus.h
#  commands to execute (from `Makefile', line 75):
	$(cc) $(CFLAGS) -c $< -o $@
	

# 2 implicit rules, 0 (0.0%) terminal.

# Files

# Not a target:
src/tools.o:
#  Implicit rule search has not been done.
#  Modification time never checked.
#  File has not been updated.

# Not a target:
bonus/src/utils_bonus.o:
#  Implicit rule search has not been done.
#  Modification time never checked.
#  File has not been updated.

# Not a target:
src/movements.o:
#  Implicit rule search has not been done.
#  Modification time never checked.
#  File has not been updated.

all: so_long
#  Command-line target.
#  Implicit rule search has been done.
#  File does not exist.
#  File has been updated.
#  Needs to be updated (-q is set).
# variable set hash-table stats:
# Load=0/32=0%, Rehash=0, Collisions=0/4=0%

src/main.o: src/main.c so_long.h
#  Implicit rule search has been done.
#  Implicit/static pattern stem: `src/main'
#  File does not exist.
#  File has been updated.
#  Needs to be updated (-q is set).
# automatic
# @ := src/main.o
# automatic
# % := 
# automatic
# * := src/main
# automatic
# + := src/main.c so_long.h
# automatic
# | := 
# automatic
# < := src/main.c
# automatic
# ^ := src/main.c so_long.h
# automatic
# ? := src/main.c so_long.h
# variable set hash-table stats:
# Load=8/32=25%, Rehash=0, Collisions=1/14=7%
#  commands to execute (from `Makefile', line 57):
	$(cc) $(CFLAGS) -c $< -o $@
	

# Not a target:
src/error.o:
#  Implicit rule search has not been done.
#  Modification time never checked.
#  File has not been updated.

# Not a target:
.SUFFIXES:
#  Implicit rule search has not been done.
#  Modification time never checked.
#  File has not been updated.

# Not a target:
Makefile:
#  Implicit rule search has been done.
#  Last modified 2022-06-04 01:41:54
#  File has been updated.
#  Successfully updated.
# variable set hash-table stats:
# Load=0/32=0%, Rehash=0, Collisions=0/0=0%

# Not a target:
bonus/src/enemy_bonus.o:
#  Implicit rule search has not been done.
#  Modification time never checked.
#  File has not been updated.

# Not a target:
so_long.h:
 
#  Implicit rule search has been done.
#  Last modified 2022-06-04 23:31:15
#  File has been updated.
#  Successfully updated.
# variable set hash-table stats:
# Load=0/32=0%, Rehash=0, Collisions=0/0=0%

# Not a target:
src/read_check.o:
#  Implicit rule search has not been done.
#  Modification time never checked.
#  File has not been updated.

# Not a target:
src/mlx_m.o:
#  Implicit rule search has not been done.
#  Modification time never checked.
#  File has not been updated.

bonus: so_long_bonus
#  Implicit rule search has not been done.
#  Modification time never checked.
#  File has not been updated.

# Not a target:
bonus/src/tools_bonus.o:
#  Implicit rule search has not been done.
#  Modification time never checked.
#  File has not been updated.

fclean: clean
#  Implicit rule search has not been done.
#  Modification time never checked.
#  File has not been updated.
#  commands to execute (from `Makefile', line 63):
	@make fclean -C $(LIBFT)
	@make clean -C $(MLX)
	$(RM) $(NAME) $(B_NAME)
	

# Not a target:
src/mlx_image.o:
#  Implicit rule search has not been done.
#  Modification time never checked.
#  File has not been updated.

# Not a target:
src/main.c:
#  Implicit rule search has been done.
#  Last modified 2022-06-04 01:41:54
#  File has been updated.
#  Successfully updated.
# variable set hash-table stats:
# Load=0/32=0%, Rehash=0, Collisions=0/0=0%

# Not a target:
bonus/src/movements_bonus.o:
#  Implicit rule search has not been done.
#  Modification time never checked.
#  File has not been updated.

so_long_bonus: bonus/src/main_bonus.o bonus/src/error_bonus.o bonus/src/read_check_bonus.o bonus/src/tools_bonus.o bonus/src/mlx_m_bonus.o bonus/src/mlx_image_bonus.o bonus/src/enemy_bonus.o bonus/src/enemy_move_bonus.o bonus/src/movements_bonus.o bonus/src/utils_bonus.o
#  Implicit rule search has not been done.
#  Modification time never checked.
#  File has not been updated.
#  commands to execute (from `Makefile', line 72):
	@make -C $(LIBFT)
	$(cc) $(CFLAGS) $^ $(LIBFT_A) $(INC) -o $(B_NAME)
	

# Not a target:
src/utils.o:
#  Implicit rule search has not been done.
#  Modification time never checked.
#  File has not been updated.

# Not a target:
.DEFAULT:
#  Implicit rule search has not been done.
#  Modification time never checked.
#  File has not been updated.

# Not a target:
bonus/src/main_bonus.o:
#  Implicit rule search has not been done.
#  Modification time never checked.
#  File has not been updated.

# Not a target:
bonus/src/error_bonus.o:
#  Implicit rule search has not been done.
#  Modification time never checked.
#  File has not been updated.

re: fclean all
#  Implicit rule search has not been done.
#  Modification time never checked.
#  File has not been updated.

clean:
#  Implicit rule search has not been done.
#  Modification time never checked.
#  File has not been updated.
#  commands to execute (from `Makefile', line 59):
	@make clean -C $(LIBFT)
	$(RM) $(OBJS) $(B_OBJS)
	

so_long: src/main.o src/error.o src/read_check.o src/tools.o src/mlx_m.o src/mlx_image.o src/movements.o src/utils.o
#  Implicit rule search has not been done.
#  File does not exist.
#  File has been updated.
#  Needs to be updated (-q is set).
# variable set hash-table stats:
# Load=0/32=0%, Rehash=0, Collisions=0/4=0%
#  commands to execute (from `Makefile', line 53):
	@make -C $(LIBFT)
	$(cc) $(CFLAGS) $^ $(LIBFT_A) $(INC) -o $(NAME)
	

# Not a target:
bonus/src/read_check_bonus.o:
#  Implicit rule search has not been done.
#  Modification time never checked.
#  File has not been updated.

# Not a target:
bonus/src/mlx_m_bonus.o:
#  Implicit rule search has not been done.
#  Modification time never checked.
#  File has not been updated.

# Not a target:
bonus/src/enemy_move_bonus.o:
#  Implicit rule search has not been done.
#  Modification time never checked.
#  File has not been updated.

# Not a target:
bonus/src/mlx_image_bonus.o:
#  Implicit rule search has not been done.
#  Modification time never checked.
#  File has not been updated.

# files hash-table stats:
# Load=30/1024=3%, Rehash=0, Collisions=1/71=1%
# VPATH Search Paths

# No `vpath' search paths.

# No general (`VPATH' variable) search path.

# # of strings in strcache: 1
# # of strcache buffers: 1
# strcache size: total = 4096 / max = 4096 / min = 4096 / avg = 4096
# strcache free: total = 4087 / max = 4087 / min = 4087 / avg = 4087

# Finished Make data base on Sat Jun  4 23:36:38 2022

 
